<?xml version="1.0" encoding="UTF-8"?>
<testsuite xmlns:xsi="http://www.w3.org/2001/XMLSchema-instance" xsi:noNamespaceSchemaLocation="https://maven.apache.org/surefire/maven-surefire-plugin/xsd/surefire-test-report.xsd" name="com.mufiye.springbootinterfacetest.SpringbootInterfaceTestApplicationTests" time="2.125" tests="29" errors="5" skipped="0" failures="0">
  <properties>
[...]
</properties>
  <testcase name="testEntity2" classname="com.mufiye.springbootinterfacetest.SpringbootInterfaceTestApplicationTests" time="0.356"/>
  <testcase name="testEntity3" classname="com.mufiye.springbootinterfacetest.SpringbootInterfaceTestApplicationTests" time="0.023">
    <error message="Index 0 out of bounds for length 0" type="java.lang.IndexOutOfBoundsException">java.lang.IndexOutOfBoundsException: Index 0 out of bounds for length 0
	at com.mufiye.springbootinterfacetest.SpringbootInterfaceTestApplicationTests.testEntity3(SpringbootInterfaceTestApplicationTests.java:112)
</error>
  </testcase>
  <testcase name="countRelation" classname="com.mufiye.springbootinterfacetest.SpringbootInterfaceTestApplicationTests" time="0.008"/>
  <testcase name="testCount" classname="com.mufiye.springbootinterfacetest.SpringbootInterfaceTestApplicationTests" time="0.003"/>
  <testcase name="testLogin" classname="com.mufiye.springbootinterfacetest.SpringbootInterfaceTestApplicationTests" time="0.038"/>
  <testcase name="testRelationDelete" classname="com.mufiye.springbootinterfacetest.SpringbootInterfaceTestApplicationTests" time="0.022"/>
  <testcase name="testRelationInfoDelete" classname="com.mufiye.springbootinterfacetest.SpringbootInterfaceTestApplicationTests" time="0.033"/>
  <testcase name="testRelationUpdate11" classname="com.mufiye.springbootinterfacetest.SpringbootInterfaceTestApplicationTests" time="0.018"/>
  <testcase name="testDaoDelete" classname="com.mufiye.springbootinterfacetest.SpringbootInterfaceTestApplicationTests" time="0.106"/>
  <testcase name="testGetByID" classname="com.mufiye.springbootinterfacetest.SpringbootInterfaceTestApplicationTests" time="0.007">
    <error message="No value present" type="java.util.NoSuchElementException">java.util.NoSuchElementException: No value present
	at com.mufiye.springbootinterfacetest.SpringbootInterfaceTestApplicationTests.testGetByID(SpringbootInterfaceTestApplicationTests.java:68)
</error>
    <system-out><![CDATA[2023-03-04 17:18:00.765  WARN 83402 --- [           main] org.springframework.data.neo4j.cypher    : Neo.ClientNotification.Statement.UnknownPropertyKeyWarning: The provided property key is not in the database
	MATCH (user:`User`) WHERE id(user) = $__id__ RETURN user{.email, .id, .lastLogin, .name, .password, .role, .username, __nodeLabels__: labels(user), __internalNeo4jId__: id(user)}
	                                                                  ^
One of the property names in your query is not available in the database, make sure you didn't misspell it or that the label is available when you run this statement in your application (the missing property name is: id)
]]></system-out>
  </testcase>
  <testcase name="testRelationUpdate" classname="com.mufiye.springbootinterfacetest.SpringbootInterfaceTestApplicationTests" time="0.001">
    <error message="Cannot invoke &quot;java.util.Map.entrySet()&quot; because &quot;properties&quot; is null" type="java.lang.NullPointerException">java.lang.NullPointerException: Cannot invoke "java.util.Map.entrySet()" because "properties" is null
	at com.mufiye.springbootinterfacetest.SpringbootInterfaceTestApplicationTests.testRelationUpdate(SpringbootInterfaceTestApplicationTests.java:169)
</error>
  </testcase>
  <testcase name="testDaoSelect" classname="com.mufiye.springbootinterfacetest.SpringbootInterfaceTestApplicationTests" time="0.021"/>
  <testcase name="testEntityAdd" classname="com.mufiye.springbootinterfacetest.SpringbootInterfaceTestApplicationTests" time="0.045"/>
  <testcase name="test5" classname="com.mufiye.springbootinterfacetest.SpringbootInterfaceTestApplicationTests" time="0.023"/>
  <testcase name="testRelationInfoAdd" classname="com.mufiye.springbootinterfacetest.SpringbootInterfaceTestApplicationTests" time="0.02"/>
  <testcase name="testRelationInfoGet" classname="com.mufiye.springbootinterfacetest.SpringbootInterfaceTestApplicationTests" time="0.006"/>
  <testcase name="testRelationAdd" classname="com.mufiye.springbootinterfacetest.SpringbootInterfaceTestApplicationTests" time="0.034"/>
  <testcase name="testEntityGetType" classname="com.mufiye.springbootinterfacetest.SpringbootInterfaceTestApplicationTests" time="0.017"/>
  <testcase name="testGetByName" classname="com.mufiye.springbootinterfacetest.SpringbootInterfaceTestApplicationTests" time="0.033"/>
  <testcase name="testGetByType" classname="com.mufiye.springbootinterfacetest.SpringbootInterfaceTestApplicationTests" time="0.014"/>
  <testcase name="testRelationInfoGetByID" classname="com.mufiye.springbootinterfacetest.SpringbootInterfaceTestApplicationTests" time="0.015">
    <error message="Index 0 out of bounds for length 0" type="java.lang.IndexOutOfBoundsException">java.lang.IndexOutOfBoundsException: Index 0 out of bounds for length 0
	at com.mufiye.springbootinterfacetest.SpringbootInterfaceTestApplicationTests.testRelationInfoGetByID(SpringbootInterfaceTestApplicationTests.java:203)
</error>
  </testcase>
  <testcase name="testNeighbour" classname="com.mufiye.springbootinterfacetest.SpringbootInterfaceTestApplicationTests" time="0.036">
    <error message="Index 0 out of bounds for length 0" type="java.lang.IndexOutOfBoundsException">java.lang.IndexOutOfBoundsException: Index 0 out of bounds for length 0
	at com.mufiye.springbootinterfacetest.SpringbootInterfaceTestApplicationTests.testNeighbour(SpringbootInterfaceTestApplicationTests.java:218)
</error>
  </testcase>
  <testcase name="contextLoads" classname="com.mufiye.springbootinterfacetest.SpringbootInterfaceTestApplicationTests" time="0.048"/>
  <testcase name="testDelete" classname="com.mufiye.springbootinterfacetest.SpringbootInterfaceTestApplicationTests" time="0.013"/>
  <testcase name="testEntity" classname="com.mufiye.springbootinterfacetest.SpringbootInterfaceTestApplicationTests" time="0"/>
  <testcase name="testGetAll" classname="com.mufiye.springbootinterfacetest.SpringbootInterfaceTestApplicationTests" time="0.005"/>
  <testcase name="testUpdate" classname="com.mufiye.springbootinterfacetest.SpringbootInterfaceTestApplicationTests" time="0.01"/>
  <testcase name="testEntityUpdate" classname="com.mufiye.springbootinterfacetest.SpringbootInterfaceTestApplicationTests" time="0.011"/>
  <testcase name="testRelationInfoGetByStartName" classname="com.mufiye.springbootinterfacetest.SpringbootInterfaceTestApplicationTests" time="0.015"/>
</testsuite>